[debug] [2021-07-13T18:05:35.070Z] ----------------------------------------------------------------------
[debug] [2021-07-13T18:05:35.072Z] Command:       C:\Program Files\nodejs\node.exe C:\Users\Amar Narayan\AppData\Roaming\npm\node_modules\firebase-tools\lib\bin\firebase.js open
[debug] [2021-07-13T18:05:35.073Z] CLI Version:   9.16.0
[debug] [2021-07-13T18:05:35.073Z] Platform:      win32
[debug] [2021-07-13T18:05:35.073Z] Node Version:  v12.14.1
[debug] [2021-07-13T18:05:35.074Z] Time:          Tue Jul 13 2021 23:35:35 GMT+0530 (India Standard Time)
[debug] [2021-07-13T18:05:35.075Z] ----------------------------------------------------------------------
[debug] 
[debug] [2021-07-13T18:05:35.159Z] > command requires scopes: ["email","openid","https://www.googleapis.com/auth/cloudplatformprojects.readonly","https://www.googleapis.com/auth/firebase","https://www.googleapis.com/auth/cloud-platform"]
[debug] [2021-07-13T18:05:35.159Z] > authorizing via signed-in user (amar.ksepl@gmail.com)
[debug] [2021-07-13T18:05:35.161Z] [iam] checking project fir-test-now for permissions ["firebase.projects.get"]
[debug] [2021-07-13T18:05:35.164Z] >>> HTTP REQUEST POST https://cloudresourcemanager.googleapis.com/v1/projects/fir-test-now:testIamPermissions  
 {"permissions":["firebase.projects.get"]}
[debug] [2021-07-13T18:05:36.477Z] <<< HTTP RESPONSE 200 {"content-type":"application/json; charset=UTF-8","vary":"X-Origin, Referer, Origin,Accept-Encoding","date":"Tue, 13 Jul 2021 18:05:37 GMT","server":"ESF","cache-control":"private","x-xss-protection":"0","x-frame-options":"SAMEORIGIN","x-content-type-options":"nosniff","server-timing":"gfet4t7; dur=1217","alt-svc":"h3=\":443\"; ma=2592000,h3-29=\":443\"; ma=2592000,h3-T051=\":443\"; ma=2592000,h3-Q050=\":443\"; ma=2592000,h3-Q046=\":443\"; ma=2592000,h3-Q043=\":443\"; ma=2592000,quic=\":443\"; ma=2592000; v=\"46,43\"","accept-ranges":"none","transfer-encoding":"chunked"}
[debug] [2021-07-13T18:05:36.479Z] > refreshing access token with scopes: []
[debug] [2021-07-13T18:05:36.480Z] >>> HTTP REQUEST POST https://www.googleapis.com/oauth2/v3/token  
 <request body omitted>
[debug] [2021-07-13T18:05:36.614Z] <<< HTTP RESPONSE 200 {"expires":"Mon, 01 Jan 1990 00:00:00 GMT","pragma":"no-cache","date":"Tue, 13 Jul 2021 18:05:37 GMT","cache-control":"no-cache, no-store, max-age=0, must-revalidate","content-type":"application/json; charset=utf-8","vary":"X-Origin, Referer, Origin,Accept-Encoding","server":"scaffolding on HTTPServer2","x-xss-protection":"0","x-frame-options":"SAMEORIGIN","x-content-type-options":"nosniff","alt-svc":"h3=\":443\"; ma=2592000,h3-29=\":443\"; ma=2592000,h3-T051=\":443\"; ma=2592000,h3-Q050=\":443\"; ma=2592000,h3-Q046=\":443\"; ma=2592000,h3-Q043=\":443\"; ma=2592000,quic=\":443\"; ma=2592000; v=\"46,43\"","accept-ranges":"none","transfer-encoding":"chunked"}
[debug] [2021-07-13T18:05:36.759Z] >>> [apiv2][query] GET https://firebase.googleapis.com/v1beta1/projects/fir-test-now [none]
[debug] [2021-07-13T18:05:37.100Z] <<< [apiv2][status] GET https://firebase.googleapis.com/v1beta1/projects/fir-test-now 200
[debug] [2021-07-13T18:05:37.100Z] <<< [apiv2][body] GET https://firebase.googleapis.com/v1beta1/projects/fir-test-now {"projectId":"fir-test-now","projectNumber":"354753068299","displayName":"Firebase-test-now","name":"projects/fir-test-now","resources":{"hostingSite":"fir-test-now","realtimeDatabaseInstance":"fir-test-now-default-rtdb"},"state":"ACTIVE"}
